Using pre-set license
Built from '2021.1/release' branch; Version is '2021.1.1f1 (6fdc41dfa55a) revision 7330881'; Using compiler version '192528614'; Build Type 'Release'
OS: 'Windows 10 Home; OS build 19043.1415; Version 2009; 64bit' Language: 'en' Physical Memory: 16193 MB
BatchMode: 1, IsHumanControllingUs: 0, StartBugReporterOnCrash: 0, Is64bit: 1, IsPro: 0

 COMMAND LINE ARGUMENTS:
D:\Softwares\Unity\2021.1.1f1\Editor\Unity.exe
-adb2
-batchMode
-noUpm
-name
AssetImportWorker0
-projectPath
D:/isart-projects/isart_2eme_semestre
-logFile
Logs/AssetImportWorker0.log
-srvPort
63801
Successfully changed project path to: D:/isart-projects/isart_2eme_semestre
D:/isart-projects/isart_2eme_semestre
Using Asset Import Pipeline V2.
Refreshing native plugins compatible for Editor in 80.63 ms, found 2 plugins.
Preloading 0 native plugins for Editor in 0.00 ms.
Initialize engine version: 2021.1.1f1 (6fdc41dfa55a)
[Subsystems] Discovering subsystems at path D:/Softwares/Unity/2021.1.1f1/Editor/Data/Resources/UnitySubsystems
[Subsystems] Discovering subsystems at path D:/isart-projects/isart_2eme_semestre/Assets
GfxDevice: creating device client; threaded=0; jobified=0
Direct3D:
    Version:  Direct3D 11.0 [level 11.1]
    Renderer: NVIDIA GeForce GTX 1650 with Max-Q Design (ID=0x1f91)
    Vendor:   NVIDIA
    VRAM:     3964 MB
    Driver:   27.21.14.6089
Initialize mono
Mono path[0] = 'D:/Softwares/Unity/2021.1.1f1/Editor/Data/Managed'
Mono path[1] = 'D:/Softwares/Unity/2021.1.1f1/Editor/Data/MonoBleedingEdge/lib/mono/unityjit'
Mono config path = 'D:/Softwares/Unity/2021.1.1f1/Editor/Data/MonoBleedingEdge/etc'
Using monoOptions --debugger-agent=transport=dt_socket,embedding=1,server=y,suspend=n,address=127.0.0.1:56924
Begin MonoManager ReloadAssembly
Registering precompiled unity dll's ...
Register platform support module: D:/Softwares/Unity/2021.1.1f1/Editor/Data/PlaybackEngines/WindowsStandaloneSupport/UnityEditor.WindowsStandalone.Extensions.dll
Registered in 0.001406 seconds.
Native extension for WindowsStandalone target not found
Refreshing native plugins compatible for Editor in 80.50 ms, found 2 plugins.
Preloading 0 native plugins for Editor in 0.00 ms.
Mono: successfully reloaded assembly
- Completed reload, in  1.409 seconds
Platform modules already initialized, skipping
Registering precompiled user dll's ...
Registered in 0.003559 seconds.
Begin MonoManager ReloadAssembly
Native extension for WindowsStandalone target not found
Refreshing native plugins compatible for Editor in 78.27 ms, found 2 plugins.
Preloading 0 native plugins for Editor in 0.00 ms.
Mono: successfully reloaded assembly
- Completed reload, in  1.027 seconds
Platform modules already initialized, skipping
========================================================================
Worker process is ready to serve import requests
Launched and connected shader compiler UnityShaderCompiler.exe after 0.04 seconds
Refreshing native plugins compatible for Editor in 0.56 ms, found 2 plugins.
Preloading 0 native plugins for Editor in 0.00 ms.
Unloading 3384 Unused Serialized files (Serialized files now loaded: 0)
System memory in use before: 128.2 MB.
System memory in use after: 128.3 MB.

Unloading 29 unused Assets to reduce memory usage. Loaded Objects now: 3838.
Total: 2.815400 ms (FindLiveObjects: 0.666200 ms CreateObjectMapping: 0.251600 ms MarkObjects: 1.787800 ms  DeleteObjects: 0.108500 ms)

========================================================================
Received Import Request.
  path: Assets/Systems/GenerationSystem/SO_GenerableAssetBundle.asset
  artifactKey: Guid(76a879bc27596084186e3f6f4a980f26) Importer(815301076,1909f56bfc062723c751e8b465ee728b)
Start importing Assets/Systems/GenerationSystem/SO_GenerableAssetBundle.asset using Guid(76a879bc27596084186e3f6f4a980f26) Importer(815301076,1909f56bfc062723c751e8b465ee728b)  -> (artifact id: '26ac2915e9d2602edc81298ad3cbcbf2') in 0.041889 seconds 
========================================================================
Received Import Request.
  Time since last request: 10.003613 seconds.
  path: Assets/Systems/GenerationSystem/SO_GenerableText.asset
  artifactKey: Guid(5794c67dd97557140907ae2ffa6c9ae4) Importer(815301076,1909f56bfc062723c751e8b465ee728b)
Start importing Assets/Systems/GenerationSystem/SO_GenerableText.asset using Guid(5794c67dd97557140907ae2ffa6c9ae4) Importer(815301076,1909f56bfc062723c751e8b465ee728b)  -> (artifact id: '345a7641ee6992af38253cf18e9470d6') in 0.003367 seconds 
========================================================================
Received Prepare
Registering precompiled user dll's ...
Registered in 0.003662 seconds.
Begin MonoManager ReloadAssembly
Native extension for WindowsStandalone target not found
Refreshing native plugins compatible for Editor in 0.61 ms, found 2 plugins.
Preloading 0 native plugins for Editor in 0.00 ms.
Mono: successfully reloaded assembly
- Completed reload, in  1.335 seconds
Platform modules already initialized, skipping
Refreshing native plugins compatible for Editor in 0.57 ms, found 2 plugins.
Preloading 0 native plugins for Editor in 0.00 ms.
Unloading 3378 Unused Serialized files (Serialized files now loaded: 0)
System memory in use before: 128.2 MB.
System memory in use after: 128.3 MB.

Unloading 18 unused Assets to reduce memory usage. Loaded Objects now: 3841.
Total: 2.821900 ms (FindLiveObjects: 0.402600 ms CreateObjectMapping: 0.183400 ms MarkObjects: 2.142600 ms  DeleteObjects: 0.092200 ms)

========================================================================
Received Import Request.
  Time since last request: 145.424683 seconds.
  path: Assets/Prefabs/PRE_Player.prefab
  artifactKey: Guid(b5c06265c48bba546ba5a8cf606628fb) Importer(815301076,1909f56bfc062723c751e8b465ee728b)
Start importing Assets/Prefabs/PRE_Player.prefab using Guid(b5c06265c48bba546ba5a8cf606628fb) Importer(815301076,1909f56bfc062723c751e8b465ee728b)  -> (artifact id: 'c37c0aca732add6dc8ea9266a9b7e191') in 0.027561 seconds 
========================================================================
Received Prepare
Registering precompiled user dll's ...
Registered in 0.003488 seconds.
Begin MonoManager ReloadAssembly
Native extension for WindowsStandalone target not found
Refreshing native plugins compatible for Editor in 0.58 ms, found 2 plugins.
Preloading 0 native plugins for Editor in 0.00 ms.
Mono: successfully reloaded assembly
- Completed reload, in  0.951 seconds
Platform modules already initialized, skipping
Refreshing native plugins compatible for Editor in 0.56 ms, found 2 plugins.
Preloading 0 native plugins for Editor in 0.00 ms.
Unloading 3378 Unused Serialized files (Serialized files now loaded: 0)
System memory in use before: 128.3 MB.
System memory in use after: 128.4 MB.

Unloading 17 unused Assets to reduce memory usage. Loaded Objects now: 3845.
Total: 2.493000 ms (FindLiveObjects: 0.246200 ms CreateObjectMapping: 0.164900 ms MarkObjects: 1.996200 ms  DeleteObjects: 0.084900 ms)

AssetImportWorkerClient::OnTransportError - code=2 error=End of file
